mode: set
github.com/TudorHulban/HERA/pgHERA/pg_table_reflect.go:41.54,42.57 1 1
github.com/TudorHulban/HERA/pgHERA/pg_table_reflect.go:42.57,44.3 1 1
github.com/TudorHulban/HERA/pgHERA/pg_table_reflect.go:44.8,46.3 1 0
github.com/TudorHulban/HERA/pgHERA/pg_table_reflect.go:49.78,60.38 5 1
github.com/TudorHulban/HERA/pgHERA/pg_table_reflect.go:125.2,125.20 1 1
github.com/TudorHulban/HERA/pgHERA/pg_table_reflect.go:60.38,62.46 1 1
github.com/TudorHulban/HERA/pgHERA/pg_table_reflect.go:68.3,69.14 2 1
github.com/TudorHulban/HERA/pgHERA/pg_table_reflect.go:74.3,86.19 6 1
github.com/TudorHulban/HERA/pgHERA/pg_table_reflect.go:120.3,120.18 1 1
github.com/TudorHulban/HERA/pgHERA/pg_table_reflect.go:123.3,123.56 1 1
github.com/TudorHulban/HERA/pgHERA/pg_table_reflect.go:62.46,65.4 2 1
github.com/TudorHulban/HERA/pgHERA/pg_table_reflect.go:69.14,71.12 2 1
github.com/TudorHulban/HERA/pgHERA/pg_table_reflect.go:86.19,89.30 2 1
github.com/TudorHulban/HERA/pgHERA/pg_table_reflect.go:89.30,92.17 2 1
github.com/TudorHulban/HERA/pgHERA/pg_table_reflect.go:96.5,96.18 1 1
github.com/TudorHulban/HERA/pgHERA/pg_table_reflect.go:103.5,103.22 1 1
github.com/TudorHulban/HERA/pgHERA/pg_table_reflect.go:106.5,106.21 1 1
github.com/TudorHulban/HERA/pgHERA/pg_table_reflect.go:109.5,109.24 1 1
github.com/TudorHulban/HERA/pgHERA/pg_table_reflect.go:112.5,112.40 1 1
github.com/TudorHulban/HERA/pgHERA/pg_table_reflect.go:115.5,115.44 1 1
github.com/TudorHulban/HERA/pgHERA/pg_table_reflect.go:92.17,94.11 2 1
github.com/TudorHulban/HERA/pgHERA/pg_table_reflect.go:96.18,97.18 1 1
github.com/TudorHulban/HERA/pgHERA/pg_table_reflect.go:100.6,101.22 2 1
github.com/TudorHulban/HERA/pgHERA/pg_table_reflect.go:97.18,99.7 1 0
github.com/TudorHulban/HERA/pgHERA/pg_table_reflect.go:103.22,105.6 1 0
github.com/TudorHulban/HERA/pgHERA/pg_table_reflect.go:106.21,108.6 1 1
github.com/TudorHulban/HERA/pgHERA/pg_table_reflect.go:109.24,111.6 1 1
github.com/TudorHulban/HERA/pgHERA/pg_table_reflect.go:112.40,114.6 1 1
github.com/TudorHulban/HERA/pgHERA/pg_table_reflect.go:115.44,117.6 1 1
github.com/TudorHulban/HERA/pgHERA/pg_table_reflect.go:120.18,121.12 1 1
github.com/TudorHulban/HERA/pgHERA/pg_translation_model.go:6.46,18.2 10 1
github.com/TudorHulban/HERA/pgHERA/pg_helpers.go:10.51,15.26 4 0
github.com/TudorHulban/HERA/pgHERA/pg_helpers.go:19.2,19.18 1 0
github.com/TudorHulban/HERA/pgHERA/pg_helpers.go:35.2,35.18 1 0
github.com/TudorHulban/HERA/pgHERA/pg_helpers.go:15.26,17.3 1 0
github.com/TudorHulban/HERA/pgHERA/pg_helpers.go:19.18,23.31 3 0
github.com/TudorHulban/HERA/pgHERA/pg_helpers.go:27.3,28.21 2 0
github.com/TudorHulban/HERA/pgHERA/pg_helpers.go:31.3,33.43 3 0
github.com/TudorHulban/HERA/pgHERA/pg_helpers.go:23.31,25.4 1 0
github.com/TudorHulban/HERA/pgHERA/pg_helpers.go:28.21,30.4 1 0
github.com/TudorHulban/HERA/pgHERA/pg_helpers.go:39.38,43.12 2 1
github.com/TudorHulban/HERA/pgHERA/pg_helpers.go:46.2,46.16 1 1
github.com/TudorHulban/HERA/pgHERA/pg_helpers.go:49.2,49.18 1 1
github.com/TudorHulban/HERA/pgHERA/pg_helpers.go:52.2,52.55 1 1
github.com/TudorHulban/HERA/pgHERA/pg_helpers.go:57.2,57.34 1 1
github.com/TudorHulban/HERA/pgHERA/pg_helpers.go:43.12,45.3 1 1
github.com/TudorHulban/HERA/pgHERA/pg_helpers.go:46.16,48.3 1 0
github.com/TudorHulban/HERA/pgHERA/pg_helpers.go:49.18,51.3 1 1
github.com/TudorHulban/HERA/pgHERA/pg_helpers.go:52.55,55.3 2 1
github.com/TudorHulban/HERA/pgHERA/pg_helpers.go:60.48,63.37 2 0
github.com/TudorHulban/HERA/pgHERA/pg_helpers.go:69.2,69.25 1 0
github.com/TudorHulban/HERA/pgHERA/pg_helpers.go:73.2,73.123 1 0
github.com/TudorHulban/HERA/pgHERA/pg_helpers.go:63.37,64.14 1 0
github.com/TudorHulban/HERA/pgHERA/pg_helpers.go:64.14,66.4 1 0
github.com/TudorHulban/HERA/pgHERA/pg_helpers.go:69.25,71.3 1 0
github.com/TudorHulban/HERA/pgHERA/pg_model_co.go:30.49,34.20 3 1
github.com/TudorHulban/HERA/pgHERA/pg_model_co.go:37.2,37.48 1 1
github.com/TudorHulban/HERA/pgHERA/pg_model_co.go:40.2,45.8 1 1
github.com/TudorHulban/HERA/pgHERA/pg_model_co.go:34.20,36.3 1 0
github.com/TudorHulban/HERA/pgHERA/pg_model_co.go:37.48,39.3 1 0
github.com/TudorHulban/HERA/pgHERA/pg_model_ddl.go:10.62,12.19 2 1
github.com/TudorHulban/HERA/pgHERA/pg_model_ddl.go:16.2,18.37 2 1
github.com/TudorHulban/HERA/pgHERA/pg_model_ddl.go:26.2,31.63 3 1
github.com/TudorHulban/HERA/pgHERA/pg_model_ddl.go:36.2,36.52 1 0
github.com/TudorHulban/HERA/pgHERA/pg_model_ddl.go:41.2,41.29 1 0
github.com/TudorHulban/HERA/pgHERA/pg_model_ddl.go:12.19,14.3 1 0
github.com/TudorHulban/HERA/pgHERA/pg_model_ddl.go:18.37,22.34 2 1
github.com/TudorHulban/HERA/pgHERA/pg_model_ddl.go:22.34,24.4 1 1
github.com/TudorHulban/HERA/pgHERA/pg_model_ddl.go:31.63,33.3 1 1
github.com/TudorHulban/HERA/pgHERA/pg_model_ddl.go:36.52,37.62 1 0
github.com/TudorHulban/HERA/pgHERA/pg_model_ddl.go:37.62,39.4 1 0
github.com/TudorHulban/HERA/pgHERA/pg_model_ddl.go:45.51,49.71 3 0
github.com/TudorHulban/HERA/pgHERA/pg_model_ddl.go:52.2,52.17 1 0
github.com/TudorHulban/HERA/pgHERA/pg_model_ddl.go:55.2,55.76 1 0
github.com/TudorHulban/HERA/pgHERA/pg_model_ddl.go:49.71,51.3 1 0
github.com/TudorHulban/HERA/pgHERA/pg_model_ddl.go:52.17,54.3 1 0
github.com/TudorHulban/HERA/pgHERA/pg_model_sql.go:4.50,6.17 2 0
github.com/TudorHulban/HERA/pgHERA/pg_model_sql.go:10.2,11.17 2 0
github.com/TudorHulban/HERA/pgHERA/pg_model_sql.go:14.2,14.18 1 0
github.com/TudorHulban/HERA/pgHERA/pg_model_sql.go:6.17,8.3 1 0
github.com/TudorHulban/HERA/pgHERA/pg_model_sql.go:11.17,13.3 1 0
