mode: set
github.com/TudorHulban/HERA/pgHERA/pg_table_reflect.go:35.54,36.57 1 1
github.com/TudorHulban/HERA/pgHERA/pg_table_reflect.go:36.57,38.3 1 1
github.com/TudorHulban/HERA/pgHERA/pg_table_reflect.go:38.8,40.3 1 0
github.com/TudorHulban/HERA/pgHERA/pg_table_reflect.go:43.42,45.33 2 1
github.com/TudorHulban/HERA/pgHERA/pg_table_reflect.go:50.2,50.14 1 1
github.com/TudorHulban/HERA/pgHERA/pg_table_reflect.go:45.33,46.21 1 1
github.com/TudorHulban/HERA/pgHERA/pg_table_reflect.go:46.21,48.4 1 1
github.com/TudorHulban/HERA/pgHERA/pg_table_reflect.go:53.68,61.38 5 1
github.com/TudorHulban/HERA/pgHERA/pg_table_reflect.go:127.2,127.20 1 1
github.com/TudorHulban/HERA/pgHERA/pg_table_reflect.go:61.38,63.31 2 1
github.com/TudorHulban/HERA/pgHERA/pg_table_reflect.go:68.3,77.19 5 1
github.com/TudorHulban/HERA/pgHERA/pg_table_reflect.go:109.3,109.18 1 1
github.com/TudorHulban/HERA/pgHERA/pg_table_reflect.go:113.3,113.54 1 1
github.com/TudorHulban/HERA/pgHERA/pg_table_reflect.go:116.3,116.49 1 1
github.com/TudorHulban/HERA/pgHERA/pg_table_reflect.go:119.3,119.56 1 1
github.com/TudorHulban/HERA/pgHERA/pg_table_reflect.go:122.3,122.50 1 1
github.com/TudorHulban/HERA/pgHERA/pg_table_reflect.go:125.3,125.34 1 1
github.com/TudorHulban/HERA/pgHERA/pg_table_reflect.go:63.31,65.12 2 1
github.com/TudorHulban/HERA/pgHERA/pg_table_reflect.go:77.19,80.30 2 1
github.com/TudorHulban/HERA/pgHERA/pg_table_reflect.go:80.30,83.17 2 1
github.com/TudorHulban/HERA/pgHERA/pg_table_reflect.go:87.5,87.18 1 1
github.com/TudorHulban/HERA/pgHERA/pg_table_reflect.go:94.5,94.22 1 1
github.com/TudorHulban/HERA/pgHERA/pg_table_reflect.go:97.5,97.21 1 1
github.com/TudorHulban/HERA/pgHERA/pg_table_reflect.go:100.5,100.24 1 1
github.com/TudorHulban/HERA/pgHERA/pg_table_reflect.go:103.5,103.40 1 1
github.com/TudorHulban/HERA/pgHERA/pg_table_reflect.go:83.17,85.14 2 1
github.com/TudorHulban/HERA/pgHERA/pg_table_reflect.go:87.18,88.18 1 1
github.com/TudorHulban/HERA/pgHERA/pg_table_reflect.go:91.6,92.22 2 1
github.com/TudorHulban/HERA/pgHERA/pg_table_reflect.go:88.18,90.7 1 0
github.com/TudorHulban/HERA/pgHERA/pg_table_reflect.go:94.22,96.6 1 0
github.com/TudorHulban/HERA/pgHERA/pg_table_reflect.go:97.21,99.6 1 0
github.com/TudorHulban/HERA/pgHERA/pg_table_reflect.go:100.24,102.6 1 1
github.com/TudorHulban/HERA/pgHERA/pg_table_reflect.go:103.40,105.6 1 1
github.com/TudorHulban/HERA/pgHERA/pg_table_reflect.go:109.18,110.12 1 1
github.com/TudorHulban/HERA/pgHERA/pg_table_reflect.go:113.54,115.4 1 1
github.com/TudorHulban/HERA/pgHERA/pg_table_reflect.go:116.49,118.4 1 1
github.com/TudorHulban/HERA/pgHERA/pg_table_reflect.go:119.56,121.4 1 0
github.com/TudorHulban/HERA/pgHERA/pg_table_reflect.go:122.50,124.4 1 1
github.com/TudorHulban/HERA/pgHERA/pg_helpers.go:9.51,14.26 4 0
github.com/TudorHulban/HERA/pgHERA/pg_helpers.go:18.2,18.18 1 0
github.com/TudorHulban/HERA/pgHERA/pg_helpers.go:34.2,34.18 1 0
github.com/TudorHulban/HERA/pgHERA/pg_helpers.go:14.26,16.3 1 0
github.com/TudorHulban/HERA/pgHERA/pg_helpers.go:18.18,22.31 3 0
github.com/TudorHulban/HERA/pgHERA/pg_helpers.go:26.3,27.21 2 0
github.com/TudorHulban/HERA/pgHERA/pg_helpers.go:30.3,32.43 3 0
github.com/TudorHulban/HERA/pgHERA/pg_helpers.go:22.31,24.4 1 0
github.com/TudorHulban/HERA/pgHERA/pg_helpers.go:27.21,29.4 1 0
github.com/TudorHulban/HERA/pgHERA/pg_model_co.go:29.35,33.20 3 1
github.com/TudorHulban/HERA/pgHERA/pg_model_co.go:36.2,37.21 2 1
github.com/TudorHulban/HERA/pgHERA/pg_model_co.go:40.2,44.8 1 1
github.com/TudorHulban/HERA/pgHERA/pg_model_co.go:33.20,35.3 1 0
github.com/TudorHulban/HERA/pgHERA/pg_model_co.go:37.21,39.3 1 0
github.com/TudorHulban/HERA/pgHERA/pg_model_co.go:48.51,52.70 3 0
github.com/TudorHulban/HERA/pgHERA/pg_model_co.go:55.2,55.16 1 0
github.com/TudorHulban/HERA/pgHERA/pg_model_co.go:58.2,58.76 1 0
github.com/TudorHulban/HERA/pgHERA/pg_model_co.go:52.70,54.3 1 0
github.com/TudorHulban/HERA/pgHERA/pg_model_co.go:55.16,57.3 1 0
github.com/TudorHulban/HERA/pgHERA/pg_model_sql.go:4.50,6.17 2 0
github.com/TudorHulban/HERA/pgHERA/pg_model_sql.go:10.2,11.17 2 0
github.com/TudorHulban/HERA/pgHERA/pg_model_sql.go:14.2,14.18 1 0
github.com/TudorHulban/HERA/pgHERA/pg_model_sql.go:6.17,8.3 1 0
github.com/TudorHulban/HERA/pgHERA/pg_model_sql.go:11.17,13.3 1 0
github.com/TudorHulban/HERA/pgHERA/pg_model_sql.go:18.35,21.2 1 0
